[01m[K/home/swarmie/RMC/src/roboteq/src/sample.cpp:[m[K In function â€˜[01m[Kvoid cb(sensor_msgs::Joy)[m[Kâ€™:
[01m[K/home/swarmie/RMC/src/roboteq/src/sample.cpp:85:3:[m[K [01;31m[Kerror: [m[Kâ€˜[01m[Kpub[m[Kâ€™ was not declared in this scope
   pub.publish(help);
[01;32m[K   ^[m[K
[01m[K/home/swarmie/RMC/src/roboteq/src/sample.cpp:[m[K In function â€˜[01m[Kvoid cb(sensor_msgs::Joy)[m[Kâ€™:
[01m[K/home/swarmie/RMC/src/roboteq/src/sample.cpp:141:6:[m[K [01;31m[Kerror: [m[Kredefinition of â€˜[01m[Kvoid cb(sensor_msgs::Joy)[m[Kâ€™
 void cb(sensor_msgs::Joy new_msg){
[01;32m[K      ^[m[K
[01m[K/home/swarmie/RMC/src/roboteq/src/sample.cpp:23:6:[m[K [01;36m[Knote: [m[Kâ€˜[01m[Kvoid cb(sensor_msgs::Joy)[m[Kâ€™ previously defined here
 void cb(sensor_msgs::Joy new_msg){
[01;32m[K      ^[m[K
[01m[K/home/swarmie/RMC/src/roboteq/src/sample.cpp:203:3:[m[K [01;31m[Kerror: [m[Kâ€˜[01m[Kpub[m[Kâ€™ was not declared in this scope
   pub.publish(help);
[01;32m[K   ^[m[K
make[2]: *** [CMakeFiles/roboteq_example.dir/src/sample.cpp.o] Error 1
make[1]: *** [CMakeFiles/roboteq_example.dir/all] Error 2
make: *** [all] Error 2
