[01m[K/home/swarmie/RMC/src/roboteq/src/sample.cpp:[m[K In function â€˜[01m[Kvoid cb(sensor_msgs::Joy)[m[Kâ€™:
[01m[K/home/swarmie/RMC/src/roboteq/src/sample.cpp:23:24:[m[K [01;31m[Kerror: [m[Kâ€˜[01m[Kz[m[Kâ€™ was not declared in this scope
   ros::Publisher pub = z.advertise<std_msgs::Int16>("/front_right",10);
[01;32m[K                        ^[m[K
[01m[K/home/swarmie/RMC/src/roboteq/src/sample.cpp:23:51:[m[K [01;31m[Kerror: [m[Kexpected primary-expression before â€˜[01m[K>[m[Kâ€™ token
   ros::Publisher pub = z.advertise<std_msgs::Int16>("/front_right",10);
[01;32m[K                                                   ^[m[K
make[2]: *** [CMakeFiles/roboteq_example.dir/src/sample.cpp.o] Error 1
make[1]: *** [CMakeFiles/roboteq_example.dir/all] Error 2
make: *** [all] Error 2
