[01m[K/home/swarmie/RMC/src/roboteq/src/sample.cpp:[m[K In function â€˜[01m[Kint main(int, char**)[m[Kâ€™:
[01m[K/home/swarmie/RMC/src/roboteq/src/sample.cpp:98:23:[m[K [01;31m[Kerror: [m[Kâ€˜[01m[Kdrive1[m[Kâ€™ was not declared in this scope
   int drive1_status = drive1.Connect("/dev/ttyACM0");//, 115200);
[01;32m[K                       ^[m[K
[01m[K/home/swarmie/RMC/src/roboteq/src/sample.cpp:99:23:[m[K [01;31m[Kerror: [m[Kâ€˜[01m[Kdrive2[m[Kâ€™ was not declared in this scope
   int drive2_status = drive2.Connect("/dev/ttyACM1");//, 115200);
[01;32m[K                       ^[m[K
[01m[K/home/swarmie/RMC/src/roboteq/src/sample.cpp:100:20:[m[K [01;31m[Kerror: [m[Kâ€˜[01m[Kdig[m[Kâ€™ was not declared in this scope
   int dig_status = dig.Connect("/dev/ttyACM3");//, 115200);
[01;32m[K                    ^[m[K
[01m[K/home/swarmie/RMC/src/roboteq/src/sample.cpp:101:21:[m[K [01;31m[Kerror: [m[Kâ€˜[01m[Kdump[m[Kâ€™ was not declared in this scope
   int dump_status = dump.Connect("/dev/ttyACM2");//, 115200);
[01;32m[K                     ^[m[K
make[2]: *** [CMakeFiles/roboteq_example.dir/src/sample.cpp.o] Error 1
make[1]: *** [CMakeFiles/roboteq_example.dir/all] Error 2
make: *** [all] Error 2
